<?xml version="1.0" encoding="UTF-8"?>
<testsuite xmlns:xsi="http://www.w3.org/2001/XMLSchema-instance" xsi:noNamespaceSchemaLocation="https://maven.apache.org/surefire/maven-surefire-plugin/xsd/surefire-test-report-3.0.xsd" version="3.0" name="com.marrilyn.orderservice.OrderServiceApplicationTests" time="19.39" tests="1" errors="0" skipped="0" failures="0">
  <properties>
    <property name="java.specification.version" value="20"/>
    <property name="sun.jnu.encoding" value="UTF-8"/>
    <property name="java.class.path" value="/Users/deca/Downloads/microservices-new/order_service/target/test-classes:/Users/deca/Downloads/microservices-new/order_service/target/classes:/Users/deca/.m2/repository/org/springframework/boot/spring-boot-starter-data-jpa/3.1.5/spring-boot-starter-data-jpa-3.1.5.jar:/Users/deca/.m2/repository/org/springframework/boot/spring-boot-starter-aop/3.1.5/spring-boot-starter-aop-3.1.5.jar:/Users/deca/.m2/repository/org/springframework/spring-aop/6.0.13/spring-aop-6.0.13.jar:/Users/deca/.m2/repository/org/aspectj/aspectjweaver/1.9.20/aspectjweaver-1.9.20.jar:/Users/deca/.m2/repository/org/springframework/boot/spring-boot-starter-jdbc/3.1.5/spring-boot-starter-jdbc-3.1.5.jar:/Users/deca/.m2/repository/com/zaxxer/HikariCP/5.0.1/HikariCP-5.0.1.jar:/Users/deca/.m2/repository/org/springframework/spring-jdbc/6.0.13/spring-jdbc-6.0.13.jar:/Users/deca/.m2/repository/org/hibernate/orm/hibernate-core/6.2.13.Final/hibernate-core-6.2.13.Final.jar:/Users/deca/.m2/repository/jakarta/persistence/jakarta.persistence-api/3.1.0/jakarta.persistence-api-3.1.0.jar:/Users/deca/.m2/repository/jakarta/transaction/jakarta.transaction-api/2.0.1/jakarta.transaction-api-2.0.1.jar:/Users/deca/.m2/repository/org/jboss/logging/jboss-logging/3.5.3.Final/jboss-logging-3.5.3.Final.jar:/Users/deca/.m2/repository/org/hibernate/common/hibernate-commons-annotations/6.0.6.Final/hibernate-commons-annotations-6.0.6.Final.jar:/Users/deca/.m2/repository/io/smallrye/jandex/3.0.5/jandex-3.0.5.jar:/Users/deca/.m2/repository/com/fasterxml/classmate/1.5.1/classmate-1.5.1.jar:/Users/deca/.m2/repository/net/bytebuddy/byte-buddy/1.14.9/byte-buddy-1.14.9.jar:/Users/deca/.m2/repository/org/glassfish/jaxb/jaxb-runtime/4.0.3/jaxb-runtime-4.0.3.jar:/Users/deca/.m2/repository/org/glassfish/jaxb/jaxb-core/4.0.3/jaxb-core-4.0.3.jar:/Users/deca/.m2/repository/org/eclipse/angus/angus-activation/2.0.1/angus-activation-2.0.1.jar:/Users/deca/.m2/repository/org/glassfish/jaxb/txw2/4.0.3/txw2-4.0.3.jar:/Users/deca/.m2/repository/com/sun/istack/istack-commons-runtime/4.1.2/istack-commons-runtime-4.1.2.jar:/Users/deca/.m2/repository/jakarta/inject/jakarta.inject-api/2.0.1/jakarta.inject-api-2.0.1.jar:/Users/deca/.m2/repository/org/antlr/antlr4-runtime/4.10.1/antlr4-runtime-4.10.1.jar:/Users/deca/.m2/repository/org/springframework/data/spring-data-jpa/3.1.5/spring-data-jpa-3.1.5.jar:/Users/deca/.m2/repository/org/springframework/data/spring-data-commons/3.1.5/spring-data-commons-3.1.5.jar:/Users/deca/.m2/repository/org/springframework/spring-orm/6.0.13/spring-orm-6.0.13.jar:/Users/deca/.m2/repository/org/springframework/spring-beans/6.0.13/spring-beans-6.0.13.jar:/Users/deca/.m2/repository/jakarta/annotation/jakarta.annotation-api/2.1.1/jakarta.annotation-api-2.1.1.jar:/Users/deca/.m2/repository/org/springframework/spring-aspects/6.0.13/spring-aspects-6.0.13.jar:/Users/deca/.m2/repository/org/springframework/boot/spring-boot-starter-web/3.1.5/spring-boot-starter-web-3.1.5.jar:/Users/deca/.m2/repository/org/springframework/boot/spring-boot-starter/3.1.5/spring-boot-starter-3.1.5.jar:/Users/deca/.m2/repository/org/springframework/boot/spring-boot/3.1.5/spring-boot-3.1.5.jar:/Users/deca/.m2/repository/org/springframework/boot/spring-boot-autoconfigure/3.1.5/spring-boot-autoconfigure-3.1.5.jar:/Users/deca/.m2/repository/org/springframework/boot/spring-boot-starter-logging/3.1.5/spring-boot-starter-logging-3.1.5.jar:/Users/deca/.m2/repository/ch/qos/logback/logback-classic/1.4.11/logback-classic-1.4.11.jar:/Users/deca/.m2/repository/ch/qos/logback/logback-core/1.4.11/logback-core-1.4.11.jar:/Users/deca/.m2/repository/org/apache/logging/log4j/log4j-to-slf4j/2.20.0/log4j-to-slf4j-2.20.0.jar:/Users/deca/.m2/repository/org/apache/logging/log4j/log4j-api/2.20.0/log4j-api-2.20.0.jar:/Users/deca/.m2/repository/org/slf4j/jul-to-slf4j/2.0.9/jul-to-slf4j-2.0.9.jar:/Users/deca/.m2/repository/org/yaml/snakeyaml/1.33/snakeyaml-1.33.jar:/Users/deca/.m2/repository/org/springframework/boot/spring-boot-starter-json/3.1.5/spring-boot-starter-json-3.1.5.jar:/Users/deca/.m2/repository/com/fasterxml/jackson/core/jackson-databind/2.15.3/jackson-databind-2.15.3.jar:/Users/deca/.m2/repository/com/fasterxml/jackson/datatype/jackson-datatype-jdk8/2.15.3/jackson-datatype-jdk8-2.15.3.jar:/Users/deca/.m2/repository/com/fasterxml/jackson/datatype/jackson-datatype-jsr310/2.15.3/jackson-datatype-jsr310-2.15.3.jar:/Users/deca/.m2/repository/com/fasterxml/jackson/module/jackson-module-parameter-names/2.15.3/jackson-module-parameter-names-2.15.3.jar:/Users/deca/.m2/repository/org/springframework/boot/spring-boot-starter-tomcat/3.1.5/spring-boot-starter-tomcat-3.1.5.jar:/Users/deca/.m2/repository/org/apache/tomcat/embed/tomcat-embed-core/10.1.15/tomcat-embed-core-10.1.15.jar:/Users/deca/.m2/repository/org/apache/tomcat/embed/tomcat-embed-el/10.1.15/tomcat-embed-el-10.1.15.jar:/Users/deca/.m2/repository/org/apache/tomcat/embed/tomcat-embed-websocket/10.1.15/tomcat-embed-websocket-10.1.15.jar:/Users/deca/.m2/repository/org/springframework/spring-web/6.0.13/spring-web-6.0.13.jar:/Users/deca/.m2/repository/org/springframework/spring-webmvc/6.0.13/spring-webmvc-6.0.13.jar:/Users/deca/.m2/repository/org/springframework/spring-expression/6.0.13/spring-expression-6.0.13.jar:/Users/deca/.m2/repository/org/springframework/boot/spring-boot-starter-webflux/3.1.5/spring-boot-starter-webflux-3.1.5.jar:/Users/deca/.m2/repository/org/springframework/boot/spring-boot-starter-reactor-netty/3.1.5/spring-boot-starter-reactor-netty-3.1.5.jar:/Users/deca/.m2/repository/io/projectreactor/netty/reactor-netty-http/1.1.12/reactor-netty-http-1.1.12.jar:/Users/deca/.m2/repository/io/netty/netty-codec-http/4.1.100.Final/netty-codec-http-4.1.100.Final.jar:/Users/deca/.m2/repository/io/netty/netty-common/4.1.100.Final/netty-common-4.1.100.Final.jar:/Users/deca/.m2/repository/io/netty/netty-buffer/4.1.100.Final/netty-buffer-4.1.100.Final.jar:/Users/deca/.m2/repository/io/netty/netty-transport/4.1.100.Final/netty-transport-4.1.100.Final.jar:/Users/deca/.m2/repository/io/netty/netty-codec/4.1.100.Final/netty-codec-4.1.100.Final.jar:/Users/deca/.m2/repository/io/netty/netty-handler/4.1.100.Final/netty-handler-4.1.100.Final.jar:/Users/deca/.m2/repository/io/netty/netty-codec-http2/4.1.100.Final/netty-codec-http2-4.1.100.Final.jar:/Users/deca/.m2/repository/io/netty/netty-resolver-dns/4.1.100.Final/netty-resolver-dns-4.1.100.Final.jar:/Users/deca/.m2/repository/io/netty/netty-resolver/4.1.100.Final/netty-resolver-4.1.100.Final.jar:/Users/deca/.m2/repository/io/netty/netty-codec-dns/4.1.100.Final/netty-codec-dns-4.1.100.Final.jar:/Users/deca/.m2/repository/io/netty/netty-resolver-dns-native-macos/4.1.100.Final/netty-resolver-dns-native-macos-4.1.100.Final-osx-x86_64.jar:/Users/deca/.m2/repository/io/netty/netty-resolver-dns-classes-macos/4.1.100.Final/netty-resolver-dns-classes-macos-4.1.100.Final.jar:/Users/deca/.m2/repository/io/netty/netty-transport-native-epoll/4.1.100.Final/netty-transport-native-epoll-4.1.100.Final-linux-x86_64.jar:/Users/deca/.m2/repository/io/netty/netty-transport-native-unix-common/4.1.100.Final/netty-transport-native-unix-common-4.1.100.Final.jar:/Users/deca/.m2/repository/io/netty/netty-transport-classes-epoll/4.1.100.Final/netty-transport-classes-epoll-4.1.100.Final.jar:/Users/deca/.m2/repository/io/projectreactor/netty/reactor-netty-core/1.1.12/reactor-netty-core-1.1.12.jar:/Users/deca/.m2/repository/io/netty/netty-handler-proxy/4.1.100.Final/netty-handler-proxy-4.1.100.Final.jar:/Users/deca/.m2/repository/io/netty/netty-codec-socks/4.1.100.Final/netty-codec-socks-4.1.100.Final.jar:/Users/deca/.m2/repository/org/springframework/spring-webflux/6.0.13/spring-webflux-6.0.13.jar:/Users/deca/.m2/repository/io/projectreactor/reactor-core/3.5.11/reactor-core-3.5.11.jar:/Users/deca/.m2/repository/org/reactivestreams/reactive-streams/1.0.4/reactive-streams-1.0.4.jar:/Users/deca/.m2/repository/com/mysql/mysql-connector-j/8.0.33/mysql-connector-j-8.0.33.jar:/Users/deca/.m2/repository/org/projectlombok/lombok/1.18.30/lombok-1.18.30.jar:/Users/deca/.m2/repository/org/springframework/boot/spring-boot-starter-test/3.1.5/spring-boot-starter-test-3.1.5.jar:/Users/deca/.m2/repository/org/springframework/boot/spring-boot-test/3.1.5/spring-boot-test-3.1.5.jar:/Users/deca/.m2/repository/org/springframework/boot/spring-boot-test-autoconfigure/3.1.5/spring-boot-test-autoconfigure-3.1.5.jar:/Users/deca/.m2/repository/com/jayway/jsonpath/json-path/2.8.0/json-path-2.8.0.jar:/Users/deca/.m2/repository/jakarta/xml/bind/jakarta.xml.bind-api/4.0.1/jakarta.xml.bind-api-4.0.1.jar:/Users/deca/.m2/repository/jakarta/activation/jakarta.activation-api/2.1.2/jakarta.activation-api-2.1.2.jar:/Users/deca/.m2/repository/net/minidev/json-smart/2.4.11/json-smart-2.4.11.jar:/Users/deca/.m2/repository/net/minidev/accessors-smart/2.4.11/accessors-smart-2.4.11.jar:/Users/deca/.m2/repository/org/ow2/asm/asm/9.3/asm-9.3.jar:/Users/deca/.m2/repository/org/assertj/assertj-core/3.24.2/assertj-core-3.24.2.jar:/Users/deca/.m2/repository/org/hamcrest/hamcrest/2.2/hamcrest-2.2.jar:/Users/deca/.m2/repository/org/junit/jupiter/junit-jupiter/5.9.3/junit-jupiter-5.9.3.jar:/Users/deca/.m2/repository/org/junit/jupiter/junit-jupiter-api/5.9.3/junit-jupiter-api-5.9.3.jar:/Users/deca/.m2/repository/org/opentest4j/opentest4j/1.2.0/opentest4j-1.2.0.jar:/Users/deca/.m2/repository/org/junit/platform/junit-platform-commons/1.9.3/junit-platform-commons-1.9.3.jar:/Users/deca/.m2/repository/org/apiguardian/apiguardian-api/1.1.2/apiguardian-api-1.1.2.jar:/Users/deca/.m2/repository/org/junit/jupiter/junit-jupiter-params/5.9.3/junit-jupiter-params-5.9.3.jar:/Users/deca/.m2/repository/org/junit/jupiter/junit-jupiter-engine/5.9.3/junit-jupiter-engine-5.9.3.jar:/Users/deca/.m2/repository/org/junit/platform/junit-platform-engine/1.9.3/junit-platform-engine-1.9.3.jar:/Users/deca/.m2/repository/org/mockito/mockito-core/5.3.1/mockito-core-5.3.1.jar:/Users/deca/.m2/repository/net/bytebuddy/byte-buddy-agent/1.14.9/byte-buddy-agent-1.14.9.jar:/Users/deca/.m2/repository/org/objenesis/objenesis/3.3/objenesis-3.3.jar:/Users/deca/.m2/repository/org/mockito/mockito-junit-jupiter/5.3.1/mockito-junit-jupiter-5.3.1.jar:/Users/deca/.m2/repository/org/skyscreamer/jsonassert/1.5.1/jsonassert-1.5.1.jar:/Users/deca/.m2/repository/com/vaadin/external/google/android-json/0.0.20131108.vaadin1/android-json-0.0.20131108.vaadin1.jar:/Users/deca/.m2/repository/org/springframework/spring-core/6.0.13/spring-core-6.0.13.jar:/Users/deca/.m2/repository/org/springframework/spring-jcl/6.0.13/spring-jcl-6.0.13.jar:/Users/deca/.m2/repository/org/springframework/spring-test/6.0.13/spring-test-6.0.13.jar:/Users/deca/.m2/repository/org/xmlunit/xmlunit-core/2.9.1/xmlunit-core-2.9.1.jar:/Users/deca/.m2/repository/org/postgresql/postgresql/42.6.0/postgresql-42.6.0.jar:/Users/deca/.m2/repository/org/checkerframework/checker-qual/3.31.0/checker-qual-3.31.0.jar:/Users/deca/.m2/repository/org/springframework/cloud/spring-cloud-starter-netflix-eureka-client/4.0.3/spring-cloud-starter-netflix-eureka-client-4.0.3.jar:/Users/deca/.m2/repository/org/springframework/cloud/spring-cloud-starter/4.0.4/spring-cloud-starter-4.0.4.jar:/Users/deca/.m2/repository/org/springframework/cloud/spring-cloud-context/4.0.4/spring-cloud-context-4.0.4.jar:/Users/deca/.m2/repository/org/springframework/security/spring-security-crypto/6.1.5/spring-security-crypto-6.1.5.jar:/Users/deca/.m2/repository/org/springframework/cloud/spring-cloud-commons/4.0.4/spring-cloud-commons-4.0.4.jar:/Users/deca/.m2/repository/org/springframework/security/spring-security-rsa/1.0.12.RELEASE/spring-security-rsa-1.0.12.RELEASE.jar:/Users/deca/.m2/repository/org/bouncycastle/bcpkix-jdk18on/1.73/bcpkix-jdk18on-1.73.jar:/Users/deca/.m2/repository/org/bouncycastle/bcprov-jdk18on/1.73/bcprov-jdk18on-1.73.jar:/Users/deca/.m2/repository/org/bouncycastle/bcutil-jdk18on/1.73/bcutil-jdk18on-1.73.jar:/Users/deca/.m2/repository/org/springframework/cloud/spring-cloud-netflix-eureka-client/4.0.3/spring-cloud-netflix-eureka-client-4.0.3.jar:/Users/deca/.m2/repository/org/apache/httpcomponents/client5/httpclient5/5.2.1/httpclient5-5.2.1.jar:/Users/deca/.m2/repository/org/apache/httpcomponents/core5/httpcore5/5.2.3/httpcore5-5.2.3.jar:/Users/deca/.m2/repository/org/apache/httpcomponents/core5/httpcore5-h2/5.2.3/httpcore5-h2-5.2.3.jar:/Users/deca/.m2/repository/com/netflix/eureka/eureka-client/2.0.1/eureka-client-2.0.1.jar:/Users/deca/.m2/repository/com/netflix/netflix-commons/netflix-eventbus/0.3.0/netflix-eventbus-0.3.0.jar:/Users/deca/.m2/repository/com/netflix/netflix-commons/netflix-infix/0.3.0/netflix-infix-0.3.0.jar:/Users/deca/.m2/repository/commons-jxpath/commons-jxpath/1.3/commons-jxpath-1.3.jar:/Users/deca/.m2/repository/joda-time/joda-time/2.3/joda-time-2.3.jar:/Users/deca/.m2/repository/org/antlr/antlr-runtime/3.4/antlr-runtime-3.4.jar:/Users/deca/.m2/repository/org/antlr/stringtemplate/3.2.1/stringtemplate-3.2.1.jar:/Users/deca/.m2/repository/antlr/antlr/2.7.7/antlr-2.7.7.jar:/Users/deca/.m2/repository/com/google/code/gson/gson/2.10.1/gson-2.10.1.jar:/Users/deca/.m2/repository/org/apache/commons/commons-math/2.2/commons-math-2.2.jar:/Users/deca/.m2/repository/com/thoughtworks/xstream/xstream/1.4.19/xstream-1.4.19.jar:/Users/deca/.m2/repository/io/github/x-stream/mxparser/1.2.2/mxparser-1.2.2.jar:/Users/deca/.m2/repository/xmlpull/xmlpull/1.1.3.1/xmlpull-1.1.3.1.jar:/Users/deca/.m2/repository/jakarta/ws/rs/jakarta.ws.rs-api/3.1.0/jakarta.ws.rs-api-3.1.0.jar:/Users/deca/.m2/repository/com/netflix/servo/servo-core/0.12.21/servo-core-0.12.21.jar:/Users/deca/.m2/repository/com/google/guava/guava/19.0/guava-19.0.jar:/Users/deca/.m2/repository/org/apache/httpcomponents/httpclient/4.5.3/httpclient-4.5.3.jar:/Users/deca/.m2/repository/org/apache/httpcomponents/httpcore/4.4.16/httpcore-4.4.16.jar:/Users/deca/.m2/repository/commons-codec/commons-codec/1.15/commons-codec-1.15.jar:/Users/deca/.m2/repository/commons-configuration/commons-configuration/1.10/commons-configuration-1.10.jar:/Users/deca/.m2/repository/commons-lang/commons-lang/2.6/commons-lang-2.6.jar:/Users/deca/.m2/repository/com/fasterxml/jackson/core/jackson-annotations/2.15.3/jackson-annotations-2.15.3.jar:/Users/deca/.m2/repository/com/fasterxml/jackson/core/jackson-core/2.15.3/jackson-core-2.15.3.jar:/Users/deca/.m2/repository/org/codehaus/jettison/jettison/1.4.0/jettison-1.4.0.jar:/Users/deca/.m2/repository/com/netflix/eureka/eureka-core/2.0.1/eureka-core-2.0.1.jar:/Users/deca/.m2/repository/jakarta/servlet/jakarta.servlet-api/6.0.0/jakarta.servlet-api-6.0.0.jar:/Users/deca/.m2/repository/com/fasterxml/woodstox/woodstox-core/6.2.1/woodstox-core-6.2.1.jar:/Users/deca/.m2/repository/org/codehaus/woodstox/stax2-api/4.2.1/stax2-api-4.2.1.jar:/Users/deca/.m2/repository/org/springframework/cloud/spring-cloud-starter-loadbalancer/4.0.4/spring-cloud-starter-loadbalancer-4.0.4.jar:/Users/deca/.m2/repository/org/springframework/cloud/spring-cloud-loadbalancer/4.0.4/spring-cloud-loadbalancer-4.0.4.jar:/Users/deca/.m2/repository/io/projectreactor/addons/reactor-extra/3.5.1/reactor-extra-3.5.1.jar:/Users/deca/.m2/repository/org/springframework/boot/spring-boot-starter-cache/3.1.5/spring-boot-starter-cache-3.1.5.jar:/Users/deca/.m2/repository/org/springframework/spring-context-support/6.0.13/spring-context-support-6.0.13.jar:/Users/deca/.m2/repository/com/stoyanr/evictor/1.0.0/evictor-1.0.0.jar:/Users/deca/.m2/repository/io/micrometer/micrometer-tracing-bridge-brave/1.1.6/micrometer-tracing-bridge-brave-1.1.6.jar:/Users/deca/.m2/repository/io/micrometer/micrometer-tracing/1.1.6/micrometer-tracing-1.1.6.jar:/Users/deca/.m2/repository/io/micrometer/context-propagation/1.0.6/context-propagation-1.0.6.jar:/Users/deca/.m2/repository/aopalliance/aopalliance/1.0/aopalliance-1.0.jar:/Users/deca/.m2/repository/org/slf4j/slf4j-api/2.0.9/slf4j-api-2.0.9.jar:/Users/deca/.m2/repository/io/zipkin/brave/brave/5.15.1/brave-5.15.1.jar:/Users/deca/.m2/repository/io/zipkin/brave/brave-context-slf4j/5.15.1/brave-context-slf4j-5.15.1.jar:/Users/deca/.m2/repository/io/zipkin/brave/brave-instrumentation-http/5.15.1/brave-instrumentation-http-5.15.1.jar:/Users/deca/.m2/repository/io/zipkin/aws/brave-propagation-aws/0.23.5/brave-propagation-aws-0.23.5.jar:/Users/deca/.m2/repository/io/zipkin/reporter2/zipkin-reporter-brave/2.16.3/zipkin-reporter-brave-2.16.3.jar:/Users/deca/.m2/repository/io/zipkin/reporter2/zipkin-reporter/2.16.3/zipkin-reporter-2.16.3.jar:/Users/deca/.m2/repository/io/zipkin/zipkin2/zipkin/2.23.2/zipkin-2.23.2.jar:/Users/deca/.m2/repository/org/springframework/cloud/spring-cloud-starter-circuitbreaker-resilience4j/3.0.3/spring-cloud-starter-circuitbreaker-resilience4j-3.0.3.jar:/Users/deca/.m2/repository/org/springframework/cloud/spring-cloud-circuitbreaker-resilience4j/3.0.3/spring-cloud-circuitbreaker-resilience4j-3.0.3.jar:/Users/deca/.m2/repository/io/github/resilience4j/resilience4j-spring-boot3/2.0.2/resilience4j-spring-boot3-2.0.2.jar:/Users/deca/.m2/repository/io/github/resilience4j/resilience4j-spring6/2.0.2/resilience4j-spring6-2.0.2.jar:/Users/deca/.m2/repository/io/github/resilience4j/resilience4j-annotations/2.0.2/resilience4j-annotations-2.0.2.jar:/Users/deca/.m2/repository/io/github/resilience4j/resilience4j-consumer/2.0.2/resilience4j-consumer-2.0.2.jar:/Users/deca/.m2/repository/io/github/resilience4j/resilience4j-circularbuffer/2.0.2/resilience4j-circularbuffer-2.0.2.jar:/Users/deca/.m2/repository/io/github/resilience4j/resilience4j-framework-common/2.0.2/resilience4j-framework-common-2.0.2.jar:/Users/deca/.m2/repository/io/github/resilience4j/resilience4j-micrometer/2.0.2/resilience4j-micrometer-2.0.2.jar:/Users/deca/.m2/repository/io/github/resilience4j/resilience4j-retry/2.0.2/resilience4j-retry-2.0.2.jar:/Users/deca/.m2/repository/io/github/resilience4j/resilience4j-ratelimiter/2.0.2/resilience4j-ratelimiter-2.0.2.jar:/Users/deca/.m2/repository/io/github/resilience4j/resilience4j-circuitbreaker/2.0.2/resilience4j-circuitbreaker-2.0.2.jar:/Users/deca/.m2/repository/io/github/resilience4j/resilience4j-core/2.0.2/resilience4j-core-2.0.2.jar:/Users/deca/.m2/repository/io/github/resilience4j/resilience4j-timelimiter/2.0.2/resilience4j-timelimiter-2.0.2.jar:/Users/deca/.m2/repository/org/springframework/boot/spring-boot-starter-actuator/3.1.5/spring-boot-starter-actuator-3.1.5.jar:/Users/deca/.m2/repository/org/springframework/boot/spring-boot-actuator-autoconfigure/3.1.5/spring-boot-actuator-autoconfigure-3.1.5.jar:/Users/deca/.m2/repository/org/springframework/boot/spring-boot-actuator/3.1.5/spring-boot-actuator-3.1.5.jar:/Users/deca/.m2/repository/io/micrometer/micrometer-observation/1.11.5/micrometer-observation-1.11.5.jar:/Users/deca/.m2/repository/io/micrometer/micrometer-commons/1.11.5/micrometer-commons-1.11.5.jar:/Users/deca/.m2/repository/io/micrometer/micrometer-core/1.11.5/micrometer-core-1.11.5.jar:/Users/deca/.m2/repository/org/hdrhistogram/HdrHistogram/2.1.12/HdrHistogram-2.1.12.jar:/Users/deca/.m2/repository/org/latencyutils/LatencyUtils/2.0.3/LatencyUtils-2.0.3.jar:/Users/deca/.m2/repository/org/springframework/kafka/spring-kafka/3.0.12/spring-kafka-3.0.12.jar:/Users/deca/.m2/repository/org/springframework/spring-context/6.0.13/spring-context-6.0.13.jar:/Users/deca/.m2/repository/org/springframework/spring-messaging/6.0.13/spring-messaging-6.0.13.jar:/Users/deca/.m2/repository/org/springframework/spring-tx/6.0.13/spring-tx-6.0.13.jar:/Users/deca/.m2/repository/org/springframework/retry/spring-retry/2.0.4/spring-retry-2.0.4.jar:/Users/deca/.m2/repository/org/apache/kafka/kafka-clients/3.4.1/kafka-clients-3.4.1.jar:/Users/deca/.m2/repository/com/github/luben/zstd-jni/1.5.2-1/zstd-jni-1.5.2-1.jar:/Users/deca/.m2/repository/org/lz4/lz4-java/1.8.0/lz4-java-1.8.0.jar:/Users/deca/.m2/repository/org/xerial/snappy/snappy-java/1.1.8.4/snappy-java-1.1.8.4.jar:/Users/deca/.m2/repository/com/google/code/findbugs/jsr305/3.0.2/jsr305-3.0.2.jar:"/>
    <property name="java.vm.vendor" value="Homebrew"/>
    <property name="sun.arch.data.model" value="64"/>
    <property name="java.vendor.url" value="https://github.com/Homebrew/homebrew-core/issues"/>
    <property name="user.timezone" value="Africa/Lagos"/>
    <property name="org.jboss.logging.provider" value="slf4j"/>
    <property name="os.name" value="Mac OS X"/>
    <property name="java.vm.specification.version" value="20"/>
    <property name="sun.java.launcher" value="SUN_STANDARD"/>
    <property name="user.country" value="US"/>
    <property name="sun.boot.library.path" value="/usr/local/Cellar/openjdk/20.0.1/libexec/openjdk.jdk/Contents/Home/lib"/>
    <property name="sun.java.command" value="/Users/deca/Downloads/microservices-new/order_service/target/surefire/surefirebooter-20231120204942167_8.jar /Users/deca/Downloads/microservices-new/order_service/target/surefire 2023-11-20T20-49-16_858-jvmRun1 surefire-20231120204942167_6tmp surefire_1-20231120204942167_7tmp"/>
    <property name="http.nonProxyHosts" value="local|*.local|169.254/16|*.169.254/16"/>
    <property name="jdk.debug" value="release"/>
    <property name="surefire.test.class.path" value="/Users/deca/Downloads/microservices-new/order_service/target/test-classes:/Users/deca/Downloads/microservices-new/order_service/target/classes:/Users/deca/.m2/repository/org/springframework/boot/spring-boot-starter-data-jpa/3.1.5/spring-boot-starter-data-jpa-3.1.5.jar:/Users/deca/.m2/repository/org/springframework/boot/spring-boot-starter-aop/3.1.5/spring-boot-starter-aop-3.1.5.jar:/Users/deca/.m2/repository/org/springframework/spring-aop/6.0.13/spring-aop-6.0.13.jar:/Users/deca/.m2/repository/org/aspectj/aspectjweaver/1.9.20/aspectjweaver-1.9.20.jar:/Users/deca/.m2/repository/org/springframework/boot/spring-boot-starter-jdbc/3.1.5/spring-boot-starter-jdbc-3.1.5.jar:/Users/deca/.m2/repository/com/zaxxer/HikariCP/5.0.1/HikariCP-5.0.1.jar:/Users/deca/.m2/repository/org/springframework/spring-jdbc/6.0.13/spring-jdbc-6.0.13.jar:/Users/deca/.m2/repository/org/hibernate/orm/hibernate-core/6.2.13.Final/hibernate-core-6.2.13.Final.jar:/Users/deca/.m2/repository/jakarta/persistence/jakarta.persistence-api/3.1.0/jakarta.persistence-api-3.1.0.jar:/Users/deca/.m2/repository/jakarta/transaction/jakarta.transaction-api/2.0.1/jakarta.transaction-api-2.0.1.jar:/Users/deca/.m2/repository/org/jboss/logging/jboss-logging/3.5.3.Final/jboss-logging-3.5.3.Final.jar:/Users/deca/.m2/repository/org/hibernate/common/hibernate-commons-annotations/6.0.6.Final/hibernate-commons-annotations-6.0.6.Final.jar:/Users/deca/.m2/repository/io/smallrye/jandex/3.0.5/jandex-3.0.5.jar:/Users/deca/.m2/repository/com/fasterxml/classmate/1.5.1/classmate-1.5.1.jar:/Users/deca/.m2/repository/net/bytebuddy/byte-buddy/1.14.9/byte-buddy-1.14.9.jar:/Users/deca/.m2/repository/org/glassfish/jaxb/jaxb-runtime/4.0.3/jaxb-runtime-4.0.3.jar:/Users/deca/.m2/repository/org/glassfish/jaxb/jaxb-core/4.0.3/jaxb-core-4.0.3.jar:/Users/deca/.m2/repository/org/eclipse/angus/angus-activation/2.0.1/angus-activation-2.0.1.jar:/Users/deca/.m2/repository/org/glassfish/jaxb/txw2/4.0.3/txw2-4.0.3.jar:/Users/deca/.m2/repository/com/sun/istack/istack-commons-runtime/4.1.2/istack-commons-runtime-4.1.2.jar:/Users/deca/.m2/repository/jakarta/inject/jakarta.inject-api/2.0.1/jakarta.inject-api-2.0.1.jar:/Users/deca/.m2/repository/org/antlr/antlr4-runtime/4.10.1/antlr4-runtime-4.10.1.jar:/Users/deca/.m2/repository/org/springframework/data/spring-data-jpa/3.1.5/spring-data-jpa-3.1.5.jar:/Users/deca/.m2/repository/org/springframework/data/spring-data-commons/3.1.5/spring-data-commons-3.1.5.jar:/Users/deca/.m2/repository/org/springframework/spring-orm/6.0.13/spring-orm-6.0.13.jar:/Users/deca/.m2/repository/org/springframework/spring-beans/6.0.13/spring-beans-6.0.13.jar:/Users/deca/.m2/repository/jakarta/annotation/jakarta.annotation-api/2.1.1/jakarta.annotation-api-2.1.1.jar:/Users/deca/.m2/repository/org/springframework/spring-aspects/6.0.13/spring-aspects-6.0.13.jar:/Users/deca/.m2/repository/org/springframework/boot/spring-boot-starter-web/3.1.5/spring-boot-starter-web-3.1.5.jar:/Users/deca/.m2/repository/org/springframework/boot/spring-boot-starter/3.1.5/spring-boot-starter-3.1.5.jar:/Users/deca/.m2/repository/org/springframework/boot/spring-boot/3.1.5/spring-boot-3.1.5.jar:/Users/deca/.m2/repository/org/springframework/boot/spring-boot-autoconfigure/3.1.5/spring-boot-autoconfigure-3.1.5.jar:/Users/deca/.m2/repository/org/springframework/boot/spring-boot-starter-logging/3.1.5/spring-boot-starter-logging-3.1.5.jar:/Users/deca/.m2/repository/ch/qos/logback/logback-classic/1.4.11/logback-classic-1.4.11.jar:/Users/deca/.m2/repository/ch/qos/logback/logback-core/1.4.11/logback-core-1.4.11.jar:/Users/deca/.m2/repository/org/apache/logging/log4j/log4j-to-slf4j/2.20.0/log4j-to-slf4j-2.20.0.jar:/Users/deca/.m2/repository/org/apache/logging/log4j/log4j-api/2.20.0/log4j-api-2.20.0.jar:/Users/deca/.m2/repository/org/slf4j/jul-to-slf4j/2.0.9/jul-to-slf4j-2.0.9.jar:/Users/deca/.m2/repository/org/yaml/snakeyaml/1.33/snakeyaml-1.33.jar:/Users/deca/.m2/repository/org/springframework/boot/spring-boot-starter-json/3.1.5/spring-boot-starter-json-3.1.5.jar:/Users/deca/.m2/repository/com/fasterxml/jackson/core/jackson-databind/2.15.3/jackson-databind-2.15.3.jar:/Users/deca/.m2/repository/com/fasterxml/jackson/datatype/jackson-datatype-jdk8/2.15.3/jackson-datatype-jdk8-2.15.3.jar:/Users/deca/.m2/repository/com/fasterxml/jackson/datatype/jackson-datatype-jsr310/2.15.3/jackson-datatype-jsr310-2.15.3.jar:/Users/deca/.m2/repository/com/fasterxml/jackson/module/jackson-module-parameter-names/2.15.3/jackson-module-parameter-names-2.15.3.jar:/Users/deca/.m2/repository/org/springframework/boot/spring-boot-starter-tomcat/3.1.5/spring-boot-starter-tomcat-3.1.5.jar:/Users/deca/.m2/repository/org/apache/tomcat/embed/tomcat-embed-core/10.1.15/tomcat-embed-core-10.1.15.jar:/Users/deca/.m2/repository/org/apache/tomcat/embed/tomcat-embed-el/10.1.15/tomcat-embed-el-10.1.15.jar:/Users/deca/.m2/repository/org/apache/tomcat/embed/tomcat-embed-websocket/10.1.15/tomcat-embed-websocket-10.1.15.jar:/Users/deca/.m2/repository/org/springframework/spring-web/6.0.13/spring-web-6.0.13.jar:/Users/deca/.m2/repository/org/springframework/spring-webmvc/6.0.13/spring-webmvc-6.0.13.jar:/Users/deca/.m2/repository/org/springframework/spring-expression/6.0.13/spring-expression-6.0.13.jar:/Users/deca/.m2/repository/org/springframework/boot/spring-boot-starter-webflux/3.1.5/spring-boot-starter-webflux-3.1.5.jar:/Users/deca/.m2/repository/org/springframework/boot/spring-boot-starter-reactor-netty/3.1.5/spring-boot-starter-reactor-netty-3.1.5.jar:/Users/deca/.m2/repository/io/projectreactor/netty/reactor-netty-http/1.1.12/reactor-netty-http-1.1.12.jar:/Users/deca/.m2/repository/io/netty/netty-codec-http/4.1.100.Final/netty-codec-http-4.1.100.Final.jar:/Users/deca/.m2/repository/io/netty/netty-common/4.1.100.Final/netty-common-4.1.100.Final.jar:/Users/deca/.m2/repository/io/netty/netty-buffer/4.1.100.Final/netty-buffer-4.1.100.Final.jar:/Users/deca/.m2/repository/io/netty/netty-transport/4.1.100.Final/netty-transport-4.1.100.Final.jar:/Users/deca/.m2/repository/io/netty/netty-codec/4.1.100.Final/netty-codec-4.1.100.Final.jar:/Users/deca/.m2/repository/io/netty/netty-handler/4.1.100.Final/netty-handler-4.1.100.Final.jar:/Users/deca/.m2/repository/io/netty/netty-codec-http2/4.1.100.Final/netty-codec-http2-4.1.100.Final.jar:/Users/deca/.m2/repository/io/netty/netty-resolver-dns/4.1.100.Final/netty-resolver-dns-4.1.100.Final.jar:/Users/deca/.m2/repository/io/netty/netty-resolver/4.1.100.Final/netty-resolver-4.1.100.Final.jar:/Users/deca/.m2/repository/io/netty/netty-codec-dns/4.1.100.Final/netty-codec-dns-4.1.100.Final.jar:/Users/deca/.m2/repository/io/netty/netty-resolver-dns-native-macos/4.1.100.Final/netty-resolver-dns-native-macos-4.1.100.Final-osx-x86_64.jar:/Users/deca/.m2/repository/io/netty/netty-resolver-dns-classes-macos/4.1.100.Final/netty-resolver-dns-classes-macos-4.1.100.Final.jar:/Users/deca/.m2/repository/io/netty/netty-transport-native-epoll/4.1.100.Final/netty-transport-native-epoll-4.1.100.Final-linux-x86_64.jar:/Users/deca/.m2/repository/io/netty/netty-transport-native-unix-common/4.1.100.Final/netty-transport-native-unix-common-4.1.100.Final.jar:/Users/deca/.m2/repository/io/netty/netty-transport-classes-epoll/4.1.100.Final/netty-transport-classes-epoll-4.1.100.Final.jar:/Users/deca/.m2/repository/io/projectreactor/netty/reactor-netty-core/1.1.12/reactor-netty-core-1.1.12.jar:/Users/deca/.m2/repository/io/netty/netty-handler-proxy/4.1.100.Final/netty-handler-proxy-4.1.100.Final.jar:/Users/deca/.m2/repository/io/netty/netty-codec-socks/4.1.100.Final/netty-codec-socks-4.1.100.Final.jar:/Users/deca/.m2/repository/org/springframework/spring-webflux/6.0.13/spring-webflux-6.0.13.jar:/Users/deca/.m2/repository/io/projectreactor/reactor-core/3.5.11/reactor-core-3.5.11.jar:/Users/deca/.m2/repository/org/reactivestreams/reactive-streams/1.0.4/reactive-streams-1.0.4.jar:/Users/deca/.m2/repository/com/mysql/mysql-connector-j/8.0.33/mysql-connector-j-8.0.33.jar:/Users/deca/.m2/repository/org/projectlombok/lombok/1.18.30/lombok-1.18.30.jar:/Users/deca/.m2/repository/org/springframework/boot/spring-boot-starter-test/3.1.5/spring-boot-starter-test-3.1.5.jar:/Users/deca/.m2/repository/org/springframework/boot/spring-boot-test/3.1.5/spring-boot-test-3.1.5.jar:/Users/deca/.m2/repository/org/springframework/boot/spring-boot-test-autoconfigure/3.1.5/spring-boot-test-autoconfigure-3.1.5.jar:/Users/deca/.m2/repository/com/jayway/jsonpath/json-path/2.8.0/json-path-2.8.0.jar:/Users/deca/.m2/repository/jakarta/xml/bind/jakarta.xml.bind-api/4.0.1/jakarta.xml.bind-api-4.0.1.jar:/Users/deca/.m2/repository/jakarta/activation/jakarta.activation-api/2.1.2/jakarta.activation-api-2.1.2.jar:/Users/deca/.m2/repository/net/minidev/json-smart/2.4.11/json-smart-2.4.11.jar:/Users/deca/.m2/repository/net/minidev/accessors-smart/2.4.11/accessors-smart-2.4.11.jar:/Users/deca/.m2/repository/org/ow2/asm/asm/9.3/asm-9.3.jar:/Users/deca/.m2/repository/org/assertj/assertj-core/3.24.2/assertj-core-3.24.2.jar:/Users/deca/.m2/repository/org/hamcrest/hamcrest/2.2/hamcrest-2.2.jar:/Users/deca/.m2/repository/org/junit/jupiter/junit-jupiter/5.9.3/junit-jupiter-5.9.3.jar:/Users/deca/.m2/repository/org/junit/jupiter/junit-jupiter-api/5.9.3/junit-jupiter-api-5.9.3.jar:/Users/deca/.m2/repository/org/opentest4j/opentest4j/1.2.0/opentest4j-1.2.0.jar:/Users/deca/.m2/repository/org/junit/platform/junit-platform-commons/1.9.3/junit-platform-commons-1.9.3.jar:/Users/deca/.m2/repository/org/apiguardian/apiguardian-api/1.1.2/apiguardian-api-1.1.2.jar:/Users/deca/.m2/repository/org/junit/jupiter/junit-jupiter-params/5.9.3/junit-jupiter-params-5.9.3.jar:/Users/deca/.m2/repository/org/junit/jupiter/junit-jupiter-engine/5.9.3/junit-jupiter-engine-5.9.3.jar:/Users/deca/.m2/repository/org/junit/platform/junit-platform-engine/1.9.3/junit-platform-engine-1.9.3.jar:/Users/deca/.m2/repository/org/mockito/mockito-core/5.3.1/mockito-core-5.3.1.jar:/Users/deca/.m2/repository/net/bytebuddy/byte-buddy-agent/1.14.9/byte-buddy-agent-1.14.9.jar:/Users/deca/.m2/repository/org/objenesis/objenesis/3.3/objenesis-3.3.jar:/Users/deca/.m2/repository/org/mockito/mockito-junit-jupiter/5.3.1/mockito-junit-jupiter-5.3.1.jar:/Users/deca/.m2/repository/org/skyscreamer/jsonassert/1.5.1/jsonassert-1.5.1.jar:/Users/deca/.m2/repository/com/vaadin/external/google/android-json/0.0.20131108.vaadin1/android-json-0.0.20131108.vaadin1.jar:/Users/deca/.m2/repository/org/springframework/spring-core/6.0.13/spring-core-6.0.13.jar:/Users/deca/.m2/repository/org/springframework/spring-jcl/6.0.13/spring-jcl-6.0.13.jar:/Users/deca/.m2/repository/org/springframework/spring-test/6.0.13/spring-test-6.0.13.jar:/Users/deca/.m2/repository/org/xmlunit/xmlunit-core/2.9.1/xmlunit-core-2.9.1.jar:/Users/deca/.m2/repository/org/postgresql/postgresql/42.6.0/postgresql-42.6.0.jar:/Users/deca/.m2/repository/org/checkerframework/checker-qual/3.31.0/checker-qual-3.31.0.jar:/Users/deca/.m2/repository/org/springframework/cloud/spring-cloud-starter-netflix-eureka-client/4.0.3/spring-cloud-starter-netflix-eureka-client-4.0.3.jar:/Users/deca/.m2/repository/org/springframework/cloud/spring-cloud-starter/4.0.4/spring-cloud-starter-4.0.4.jar:/Users/deca/.m2/repository/org/springframework/cloud/spring-cloud-context/4.0.4/spring-cloud-context-4.0.4.jar:/Users/deca/.m2/repository/org/springframework/security/spring-security-crypto/6.1.5/spring-security-crypto-6.1.5.jar:/Users/deca/.m2/repository/org/springframework/cloud/spring-cloud-commons/4.0.4/spring-cloud-commons-4.0.4.jar:/Users/deca/.m2/repository/org/springframework/security/spring-security-rsa/1.0.12.RELEASE/spring-security-rsa-1.0.12.RELEASE.jar:/Users/deca/.m2/repository/org/bouncycastle/bcpkix-jdk18on/1.73/bcpkix-jdk18on-1.73.jar:/Users/deca/.m2/repository/org/bouncycastle/bcprov-jdk18on/1.73/bcprov-jdk18on-1.73.jar:/Users/deca/.m2/repository/org/bouncycastle/bcutil-jdk18on/1.73/bcutil-jdk18on-1.73.jar:/Users/deca/.m2/repository/org/springframework/cloud/spring-cloud-netflix-eureka-client/4.0.3/spring-cloud-netflix-eureka-client-4.0.3.jar:/Users/deca/.m2/repository/org/apache/httpcomponents/client5/httpclient5/5.2.1/httpclient5-5.2.1.jar:/Users/deca/.m2/repository/org/apache/httpcomponents/core5/httpcore5/5.2.3/httpcore5-5.2.3.jar:/Users/deca/.m2/repository/org/apache/httpcomponents/core5/httpcore5-h2/5.2.3/httpcore5-h2-5.2.3.jar:/Users/deca/.m2/repository/com/netflix/eureka/eureka-client/2.0.1/eureka-client-2.0.1.jar:/Users/deca/.m2/repository/com/netflix/netflix-commons/netflix-eventbus/0.3.0/netflix-eventbus-0.3.0.jar:/Users/deca/.m2/repository/com/netflix/netflix-commons/netflix-infix/0.3.0/netflix-infix-0.3.0.jar:/Users/deca/.m2/repository/commons-jxpath/commons-jxpath/1.3/commons-jxpath-1.3.jar:/Users/deca/.m2/repository/joda-time/joda-time/2.3/joda-time-2.3.jar:/Users/deca/.m2/repository/org/antlr/antlr-runtime/3.4/antlr-runtime-3.4.jar:/Users/deca/.m2/repository/org/antlr/stringtemplate/3.2.1/stringtemplate-3.2.1.jar:/Users/deca/.m2/repository/antlr/antlr/2.7.7/antlr-2.7.7.jar:/Users/deca/.m2/repository/com/google/code/gson/gson/2.10.1/gson-2.10.1.jar:/Users/deca/.m2/repository/org/apache/commons/commons-math/2.2/commons-math-2.2.jar:/Users/deca/.m2/repository/com/thoughtworks/xstream/xstream/1.4.19/xstream-1.4.19.jar:/Users/deca/.m2/repository/io/github/x-stream/mxparser/1.2.2/mxparser-1.2.2.jar:/Users/deca/.m2/repository/xmlpull/xmlpull/1.1.3.1/xmlpull-1.1.3.1.jar:/Users/deca/.m2/repository/jakarta/ws/rs/jakarta.ws.rs-api/3.1.0/jakarta.ws.rs-api-3.1.0.jar:/Users/deca/.m2/repository/com/netflix/servo/servo-core/0.12.21/servo-core-0.12.21.jar:/Users/deca/.m2/repository/com/google/guava/guava/19.0/guava-19.0.jar:/Users/deca/.m2/repository/org/apache/httpcomponents/httpclient/4.5.3/httpclient-4.5.3.jar:/Users/deca/.m2/repository/org/apache/httpcomponents/httpcore/4.4.16/httpcore-4.4.16.jar:/Users/deca/.m2/repository/commons-codec/commons-codec/1.15/commons-codec-1.15.jar:/Users/deca/.m2/repository/commons-configuration/commons-configuration/1.10/commons-configuration-1.10.jar:/Users/deca/.m2/repository/commons-lang/commons-lang/2.6/commons-lang-2.6.jar:/Users/deca/.m2/repository/com/fasterxml/jackson/core/jackson-annotations/2.15.3/jackson-annotations-2.15.3.jar:/Users/deca/.m2/repository/com/fasterxml/jackson/core/jackson-core/2.15.3/jackson-core-2.15.3.jar:/Users/deca/.m2/repository/org/codehaus/jettison/jettison/1.4.0/jettison-1.4.0.jar:/Users/deca/.m2/repository/com/netflix/eureka/eureka-core/2.0.1/eureka-core-2.0.1.jar:/Users/deca/.m2/repository/jakarta/servlet/jakarta.servlet-api/6.0.0/jakarta.servlet-api-6.0.0.jar:/Users/deca/.m2/repository/com/fasterxml/woodstox/woodstox-core/6.2.1/woodstox-core-6.2.1.jar:/Users/deca/.m2/repository/org/codehaus/woodstox/stax2-api/4.2.1/stax2-api-4.2.1.jar:/Users/deca/.m2/repository/org/springframework/cloud/spring-cloud-starter-loadbalancer/4.0.4/spring-cloud-starter-loadbalancer-4.0.4.jar:/Users/deca/.m2/repository/org/springframework/cloud/spring-cloud-loadbalancer/4.0.4/spring-cloud-loadbalancer-4.0.4.jar:/Users/deca/.m2/repository/io/projectreactor/addons/reactor-extra/3.5.1/reactor-extra-3.5.1.jar:/Users/deca/.m2/repository/org/springframework/boot/spring-boot-starter-cache/3.1.5/spring-boot-starter-cache-3.1.5.jar:/Users/deca/.m2/repository/org/springframework/spring-context-support/6.0.13/spring-context-support-6.0.13.jar:/Users/deca/.m2/repository/com/stoyanr/evictor/1.0.0/evictor-1.0.0.jar:/Users/deca/.m2/repository/io/micrometer/micrometer-tracing-bridge-brave/1.1.6/micrometer-tracing-bridge-brave-1.1.6.jar:/Users/deca/.m2/repository/io/micrometer/micrometer-tracing/1.1.6/micrometer-tracing-1.1.6.jar:/Users/deca/.m2/repository/io/micrometer/context-propagation/1.0.6/context-propagation-1.0.6.jar:/Users/deca/.m2/repository/aopalliance/aopalliance/1.0/aopalliance-1.0.jar:/Users/deca/.m2/repository/org/slf4j/slf4j-api/2.0.9/slf4j-api-2.0.9.jar:/Users/deca/.m2/repository/io/zipkin/brave/brave/5.15.1/brave-5.15.1.jar:/Users/deca/.m2/repository/io/zipkin/brave/brave-context-slf4j/5.15.1/brave-context-slf4j-5.15.1.jar:/Users/deca/.m2/repository/io/zipkin/brave/brave-instrumentation-http/5.15.1/brave-instrumentation-http-5.15.1.jar:/Users/deca/.m2/repository/io/zipkin/aws/brave-propagation-aws/0.23.5/brave-propagation-aws-0.23.5.jar:/Users/deca/.m2/repository/io/zipkin/reporter2/zipkin-reporter-brave/2.16.3/zipkin-reporter-brave-2.16.3.jar:/Users/deca/.m2/repository/io/zipkin/reporter2/zipkin-reporter/2.16.3/zipkin-reporter-2.16.3.jar:/Users/deca/.m2/repository/io/zipkin/zipkin2/zipkin/2.23.2/zipkin-2.23.2.jar:/Users/deca/.m2/repository/org/springframework/cloud/spring-cloud-starter-circuitbreaker-resilience4j/3.0.3/spring-cloud-starter-circuitbreaker-resilience4j-3.0.3.jar:/Users/deca/.m2/repository/org/springframework/cloud/spring-cloud-circuitbreaker-resilience4j/3.0.3/spring-cloud-circuitbreaker-resilience4j-3.0.3.jar:/Users/deca/.m2/repository/io/github/resilience4j/resilience4j-spring-boot3/2.0.2/resilience4j-spring-boot3-2.0.2.jar:/Users/deca/.m2/repository/io/github/resilience4j/resilience4j-spring6/2.0.2/resilience4j-spring6-2.0.2.jar:/Users/deca/.m2/repository/io/github/resilience4j/resilience4j-annotations/2.0.2/resilience4j-annotations-2.0.2.jar:/Users/deca/.m2/repository/io/github/resilience4j/resilience4j-consumer/2.0.2/resilience4j-consumer-2.0.2.jar:/Users/deca/.m2/repository/io/github/resilience4j/resilience4j-circularbuffer/2.0.2/resilience4j-circularbuffer-2.0.2.jar:/Users/deca/.m2/repository/io/github/resilience4j/resilience4j-framework-common/2.0.2/resilience4j-framework-common-2.0.2.jar:/Users/deca/.m2/repository/io/github/resilience4j/resilience4j-micrometer/2.0.2/resilience4j-micrometer-2.0.2.jar:/Users/deca/.m2/repository/io/github/resilience4j/resilience4j-retry/2.0.2/resilience4j-retry-2.0.2.jar:/Users/deca/.m2/repository/io/github/resilience4j/resilience4j-ratelimiter/2.0.2/resilience4j-ratelimiter-2.0.2.jar:/Users/deca/.m2/repository/io/github/resilience4j/resilience4j-circuitbreaker/2.0.2/resilience4j-circuitbreaker-2.0.2.jar:/Users/deca/.m2/repository/io/github/resilience4j/resilience4j-core/2.0.2/resilience4j-core-2.0.2.jar:/Users/deca/.m2/repository/io/github/resilience4j/resilience4j-timelimiter/2.0.2/resilience4j-timelimiter-2.0.2.jar:/Users/deca/.m2/repository/org/springframework/boot/spring-boot-starter-actuator/3.1.5/spring-boot-starter-actuator-3.1.5.jar:/Users/deca/.m2/repository/org/springframework/boot/spring-boot-actuator-autoconfigure/3.1.5/spring-boot-actuator-autoconfigure-3.1.5.jar:/Users/deca/.m2/repository/org/springframework/boot/spring-boot-actuator/3.1.5/spring-boot-actuator-3.1.5.jar:/Users/deca/.m2/repository/io/micrometer/micrometer-observation/1.11.5/micrometer-observation-1.11.5.jar:/Users/deca/.m2/repository/io/micrometer/micrometer-commons/1.11.5/micrometer-commons-1.11.5.jar:/Users/deca/.m2/repository/io/micrometer/micrometer-core/1.11.5/micrometer-core-1.11.5.jar:/Users/deca/.m2/repository/org/hdrhistogram/HdrHistogram/2.1.12/HdrHistogram-2.1.12.jar:/Users/deca/.m2/repository/org/latencyutils/LatencyUtils/2.0.3/LatencyUtils-2.0.3.jar:/Users/deca/.m2/repository/org/springframework/kafka/spring-kafka/3.0.12/spring-kafka-3.0.12.jar:/Users/deca/.m2/repository/org/springframework/spring-context/6.0.13/spring-context-6.0.13.jar:/Users/deca/.m2/repository/org/springframework/spring-messaging/6.0.13/spring-messaging-6.0.13.jar:/Users/deca/.m2/repository/org/springframework/spring-tx/6.0.13/spring-tx-6.0.13.jar:/Users/deca/.m2/repository/org/springframework/retry/spring-retry/2.0.4/spring-retry-2.0.4.jar:/Users/deca/.m2/repository/org/apache/kafka/kafka-clients/3.4.1/kafka-clients-3.4.1.jar:/Users/deca/.m2/repository/com/github/luben/zstd-jni/1.5.2-1/zstd-jni-1.5.2-1.jar:/Users/deca/.m2/repository/org/lz4/lz4-java/1.8.0/lz4-java-1.8.0.jar:/Users/deca/.m2/repository/org/xerial/snappy/snappy-java/1.1.8.4/snappy-java-1.1.8.4.jar:/Users/deca/.m2/repository/com/google/code/findbugs/jsr305/3.0.2/jsr305-3.0.2.jar:"/>
    <property name="sun.cpu.endian" value="little"/>
    <property name="user.home" value="/Users/deca"/>
    <property name="user.language" value="en"/>
    <property name="java.specification.vendor" value="Oracle Corporation"/>
    <property name="java.version.date" value="2023-04-18"/>
    <property name="java.home" value="/usr/local/Cellar/openjdk/20.0.1/libexec/openjdk.jdk/Contents/Home"/>
    <property name="file.separator" value="/"/>
    <property name="basedir" value="/Users/deca/Downloads/microservices-new/order_service"/>
    <property name="java.vm.compressedOopsMode" value="Zero based"/>
    <property name="line.separator" value="&#10;"/>
    <property name="java.vm.specification.vendor" value="Oracle Corporation"/>
    <property name="java.specification.name" value="Java Platform API Specification"/>
    <property name="FILE_LOG_CHARSET" value="UTF-8"/>
    <property name="java.awt.headless" value="true"/>
    <property name="apple.awt.application.name" value="ForkedBooter"/>
    <property name="surefire.real.class.path" value="/Users/deca/Downloads/microservices-new/order_service/target/surefire/surefirebooter-20231120204942167_8.jar"/>
    <property name="sun.management.compiler" value="HotSpot 64-Bit Tiered Compilers"/>
    <property name="ftp.nonProxyHosts" value="local|*.local|169.254/16|*.169.254/16"/>
    <property name="java.runtime.version" value="20.0.1"/>
    <property name="user.name" value="deca"/>
    <property name="stdout.encoding" value="UTF-8"/>
    <property name="path.separator" value=":"/>
    <property name="os.version" value="12.6.2"/>
    <property name="java.runtime.name" value="OpenJDK Runtime Environment"/>
    <property name="file.encoding" value="UTF-8"/>
    <property name="java.vm.name" value="OpenJDK 64-Bit Server VM"/>
    <property name="java.vendor.version" value="Homebrew"/>
    <property name="localRepository" value="/Users/deca/.m2/repository"/>
    <property name="java.vendor.url.bug" value="https://github.com/Homebrew/homebrew-core/issues"/>
    <property name="java.io.tmpdir" value="/var/folders/rj/m9m_w4tj1z7b08_d5yykhbxw0000gp/T/"/>
    <property name="com.zaxxer.hikari.pool_number" value="1"/>
    <property name="java.version" value="20.0.1"/>
    <property name="user.dir" value="/Users/deca/Downloads/microservices-new/order_service"/>
    <property name="os.arch" value="x86_64"/>
    <property name="java.vm.specification.name" value="Java Virtual Machine Specification"/>
    <property name="PID" value="6585"/>
    <property name="CONSOLE_LOG_CHARSET" value="UTF-8"/>
    <property name="native.encoding" value="UTF-8"/>
    <property name="java.library.path" value="/Users/deca/Library/Java/Extensions:/Library/Java/Extensions:/Network/Library/Java/Extensions:/System/Library/Java/Extensions:/usr/lib/java:."/>
    <property name="java.vm.info" value="mixed mode, sharing"/>
    <property name="stderr.encoding" value="UTF-8"/>
    <property name="java.vendor" value="Homebrew"/>
    <property name="java.vm.version" value="20.0.1"/>
    <property name="sun.io.unicode.encoding" value="UnicodeBig"/>
    <property name="socksNonProxyHosts" value="local|*.local|169.254/16|*.169.254/16"/>
    <property name="java.class.version" value="64.0"/>
  </properties>
  <testcase name="contextLoads" classname="com.marrilyn.orderservice.OrderServiceApplicationTests" time="0.959">
    <system-out><![CDATA[20:49:43.749 [main] INFO org.springframework.test.context.support.AnnotationConfigContextLoaderUtils -- Could not detect default configuration classes for test class [com.marrilyn.orderservice.OrderServiceApplicationTests]: OrderServiceApplicationTests does not declare any static, non-private, non-final, nested classes annotated with @Configuration.
20:49:43.917 [main] INFO org.springframework.boot.test.context.SpringBootTestContextBootstrapper -- Found @SpringBootConfiguration com.marrilyn.orderservice.OrderServiceApplication for test class com.marrilyn.orderservice.OrderServiceApplicationTests

  .   ____          _            __ _ _
 /\\ / ___'_ __ _ _(_)_ __  __ _ \ \ \ \
( ( )\___ | '_ | '_| | '_ \/ _` | \ \ \ \
 \\/  ___)| |_)| | | | | || (_| |  ) ) ) )
  '  |____| .__|_| |_|_| |_\__, | / / / /
 =========|_|==============|___/=/_/_/_/
 :: Spring Boot ::                (v3.1.5)

2023-11-20T20:49:44.764+01:00  INFO 6585 --- [           main] c.m.o.OrderServiceApplicationTests       : Starting OrderServiceApplicationTests using Java 20.0.1 with PID 6585 (started by deca in /Users/deca/Downloads/microservices-new/order_service)
2023-11-20T20:49:44.768+01:00  INFO 6585 --- [           main] c.m.o.OrderServiceApplicationTests       : No active profile set, falling back to 1 default profile: "default"
2023-11-20T20:49:47.370+01:00  INFO 6585 --- [           main] .s.d.r.c.RepositoryConfigurationDelegate : Bootstrapping Spring Data JPA repositories in DEFAULT mode.
2023-11-20T20:49:47.719+01:00  INFO 6585 --- [           main] .s.d.r.c.RepositoryConfigurationDelegate : Finished Spring Data repository scanning in 329 ms. Found 1 JPA repository interfaces.
2023-11-20T20:49:48.553+01:00  INFO 6585 --- [           main] o.s.cloud.context.scope.GenericScope     : BeanFactory id=01b1ea02-2429-3deb-85a6-57dcac199b7d
2023-11-20T20:49:49.464+01:00  INFO 6585 --- [           main] trationDelegate$BeanPostProcessorChecker : Bean 'org.springframework.cloud.client.loadbalancer.reactive.LoadBalancerBeanPostProcessorAutoConfiguration' of type [org.springframework.cloud.client.loadbalancer.reactive.LoadBalancerBeanPostProcessorAutoConfiguration] is not eligible for getting processed by all BeanPostProcessors (for example: not eligible for auto-proxying)
2023-11-20T20:49:49.472+01:00  INFO 6585 --- [           main] trationDelegate$BeanPostProcessorChecker : Bean 'org.springframework.cloud.client.loadbalancer.reactive.LoadBalancerBeanPostProcessorAutoConfiguration$ReactorDeferringLoadBalancerFilterConfig' of type [org.springframework.cloud.client.loadbalancer.reactive.LoadBalancerBeanPostProcessorAutoConfiguration$ReactorDeferringLoadBalancerFilterConfig] is not eligible for getting processed by all BeanPostProcessors (for example: not eligible for auto-proxying)
2023-11-20T20:49:49.480+01:00  INFO 6585 --- [           main] trationDelegate$BeanPostProcessorChecker : Bean 'reactorDeferringLoadBalancerExchangeFilterFunction' of type [org.springframework.cloud.client.loadbalancer.reactive.DeferringLoadBalancerExchangeFilterFunction] is not eligible for getting processed by all BeanPostProcessors (for example: not eligible for auto-proxying)
2023-11-20T20:49:49.743+01:00  INFO 6585 --- [           main] com.zaxxer.hikari.HikariDataSource       : HikariPool-1 - Starting...
2023-11-20T20:49:50.493+01:00  INFO 6585 --- [           main] com.zaxxer.hikari.pool.HikariPool        : HikariPool-1 - Added connection org.postgresql.jdbc.PgConnection@74fc3fc7
2023-11-20T20:49:50.496+01:00  INFO 6585 --- [           main] com.zaxxer.hikari.HikariDataSource       : HikariPool-1 - Start completed.
2023-11-20T20:49:50.892+01:00  INFO 6585 --- [           main] o.hibernate.jpa.internal.util.LogHelper  : HHH000204: Processing PersistenceUnitInfo [name: default]
2023-11-20T20:49:51.037+01:00  INFO 6585 --- [           main] org.hibernate.Version                    : HHH000412: Hibernate ORM core version 6.2.13.Final
2023-11-20T20:49:51.042+01:00  INFO 6585 --- [           main] org.hibernate.cfg.Environment            : HHH000406: Using bytecode reflection optimizer
2023-11-20T20:49:51.602+01:00  INFO 6585 --- [           main] o.s.o.j.p.SpringPersistenceUnitInfo      : No LoadTimeWeaver setup: ignoring JPA class transformer
2023-11-20T20:49:51.765+01:00  WARN 6585 --- [           main] org.hibernate.orm.deprecation            : HHH90000025: PostgreSQLDialect does not need to be specified explicitly using 'hibernate.dialect' (remove the property setting and it will be selected by default)
2023-11-20T20:49:53.553+01:00  INFO 6585 --- [           main] o.h.e.t.j.p.i.JtaPlatformInitiator       : HHH000489: No JTA platform available (set 'hibernate.transaction.jta.platform' to enable JTA platform integration)
2023-11-20T20:49:53.963+01:00  WARN 6585 --- [           main] o.h.engine.jdbc.spi.SqlExceptionHelper   : SQL Warning Code: 0, SQLState: 00000
2023-11-20T20:49:53.963+01:00  WARN 6585 --- [           main] o.h.engine.jdbc.spi.SqlExceptionHelper   : constraint "uk_glr5ey0y269dnfivtrllrxgyb" of relation "t_order_order_line_items_list" does not exist, skipping
2023-11-20T20:49:53.978+01:00  INFO 6585 --- [           main] j.LocalContainerEntityManagerFactoryBean : Initialized JPA EntityManagerFactory for persistence unit 'default'
2023-11-20T20:49:57.332+01:00  WARN 6585 --- [           main] JpaBaseConfiguration$JpaWebConfiguration : spring.jpa.open-in-view is enabled by default. Therefore, database queries may be performed during view rendering. Explicitly configure spring.jpa.open-in-view to disable this warning
2023-11-20T20:50:01.142+01:00  INFO 6585 --- [           main] DiscoveryClientOptionalArgsConfiguration : Eureka HTTP Client uses RestTemplate.
2023-11-20T20:50:01.452+01:00  WARN 6585 --- [           main] iguration$LoadBalancerCaffeineWarnLogger : Spring Cloud LoadBalancer is currently working with the default cache. While this cache implementation is useful for development and tests, it's recommended to use Caffeine cache in production.You can switch to using Caffeine cache, by adding it and org.springframework.cache.caffeine.CaffeineCacheManager to the classpath.
2023-11-20T20:50:01.486+01:00  INFO 6585 --- [           main] o.s.b.a.e.web.EndpointLinksResolver      : Exposing 24 endpoint(s) beneath base path '/actuator'
2023-11-20T20:50:01.675+01:00  INFO 6585 --- [           main] c.m.o.OrderServiceApplicationTests       : Started OrderServiceApplicationTests in 17.498 seconds (process running for 19.439)
]]></system-out>
  </testcase>
</testsuite>